2021-11-28 16:21:26 ERROR Customer:19 - Seçilen firmaya ait müşteri sıralama işlemi sırasında bir hata oluştu! java.lang.NumberFormatException: For input string: "null"
2021-11-28 16:21:44 ERROR Customer:19 - Seçilen firmaya ait müşteri sıralama işlemi sırasında bir hata oluştu! java.lang.NumberFormatException: For input string: "null"
2021-11-28 16:21:46 ERROR Customer:19 - Seçilen firmaya ait müşteri sıralama işlemi sırasında bir hata oluştu! java.lang.NumberFormatException: For input string: "null"
2021-11-28 16:27:43 ERROR Customer:19 - Seçilen firmaya ait müşteri sıralama işlemi sırasında bir hata oluştu! java.lang.NumberFormatException: For input string: "null"
2021-11-28 16:28:44 ERROR Customer:19 - Seçilen firmaya ait müşteri sıralama işlemi sırasında bir hata oluştu! java.lang.NumberFormatException: For input string: "null"
2021-11-28 16:30:26 ERROR Customer:19 - Seçilen firmaya ait müşteri sıralama işlemi sırasında bir hata oluştu! java.lang.NumberFormatException: For input string: "null"
2021-11-28 16:34:53 ERROR Customer:19 - Seçilen firmaya ait müşteri sıralama işlemi sırasında bir hata oluştu! java.lang.NumberFormatException: For input string: "null"
2021-11-28 16:35:28 ERROR Customer:19 - Seçilen firmaya ait müşteri sıralama işlemi sırasında bir hata oluştu! java.lang.NumberFormatException: For input string: "null"
2021-11-28 16:36:38 ERROR Customer:19 - Seçilen firmaya ait müşteri sıralama işlemi sırasında bir hata oluştu! java.lang.NumberFormatException: For input string: "null"
2021-11-28 16:37:40 ERROR Customer:19 - Seçilen firmaya ait müşteri sıralama işlemi sırasında bir hata oluştu! java.lang.NumberFormatException: For input string: "null"
2021-11-28 16:38:04 ERROR Customer:19 - Seçilen firmaya ait müşteri sıralama işlemi sırasında bir hata oluştu! java.lang.NumberFormatException: For input string: "null"
2021-11-28 16:38:13 ERROR Customer:19 - Seçilen firmaya ait müşteri sıralama işlemi sırasında bir hata oluştu! java.lang.NumberFormatException: For input string: "null"
2021-11-28 16:38:30 ERROR Customer:19 - Seçilen firmaya ait müşteri sıralama işlemi sırasında bir hata oluştu! java.lang.NumberFormatException: For input string: "null"
2021-11-28 16:43:46 ERROR Customer:19 - Seçilen firmaya ait müşteri sıralama işlemi sırasında bir hata oluştu! java.lang.NumberFormatException: For input string: "null"
2021-11-28 16:44:08 ERROR Customer:19 - Seçilen firmaya ait müşteri sıralama işlemi sırasında bir hata oluştu! java.lang.NumberFormatException: For input string: "null"
2021-11-28 16:48:04 ERROR Customer:19 - Seçilen firmaya ait müşteri sıralama işlemi sırasında bir hata oluştu! java.lang.NumberFormatException: For input string: "null"
2021-11-28 16:58:13 ERROR Customer:19 - Seçilen firmaya ait müşteri sıralama işlemi sırasında bir hata oluştu! java.lang.NumberFormatException: For input string: "null"
2021-11-28 16:58:37 ERROR Customer:19 - Seçilen firmaya ait müşteri sıralama işlemi sırasında bir hata oluştu! java.lang.NumberFormatException: For input string: "null"
2021-11-28 16:59:55 ERROR Customer:19 - Seçilen firmaya ait müşteri sıralama işlemi sırasında bir hata oluştu! java.lang.NumberFormatException: For input string: "null"
2021-11-28 17:00:12 ERROR Customer:19 - Seçilen firmaya ait müşteri sıralama işlemi sırasında bir hata oluştu! java.lang.NumberFormatException: For input string: "null"
2021-11-28 17:01:09 ERROR Customer:19 - Seçilen firmaya ait müşteri sıralama işlemi sırasında bir hata oluştu! java.lang.NumberFormatException: For input string: "null"
2021-11-28 17:22:47 ERROR Customer:19 - Seçilen firmaya ait müşteri sıralama işlemi sırasında bir hata oluştu! java.lang.NumberFormatException: For input string: "null"
2021-11-28 17:23:07 ERROR Customer:19 - Seçilen firmaya ait müşteri sıralama işlemi sırasında bir hata oluştu! java.lang.NumberFormatException: For input string: "null"
2021-11-28 17:31:30 ERROR Customer:19 - Seçilen firmaya ait müşteri sıralama işlemi sırasında bir hata oluştu! java.lang.NumberFormatException: For input string: "null"
2021-11-28 17:33:08 ERROR Customer:19 - Seçilen firmaya ait müşteri sıralama işlemi sırasında bir hata oluştu! java.lang.NumberFormatException: For input string: "null"
2021-11-28 17:34:06 ERROR Customer:19 - Seçilen firmaya ait müşteri sıralama işlemi sırasında bir hata oluştu! java.lang.NumberFormatException: For input string: "null"
2021-11-28 17:34:24 ERROR Customer:19 - Seçilen firmaya ait müşteri sıralama işlemi sırasında bir hata oluştu! java.lang.NumberFormatException: For input string: "null"
2021-11-28 17:40:03 ERROR Customer:19 - Seçilen firmaya ait müşteri sıralama işlemi sırasında bir hata oluştu! java.lang.NumberFormatException: For input string: "null"
2021-11-28 17:40:28 ERROR Customer:19 - Seçilen firmaya ait müşteri sıralama işlemi sırasında bir hata oluştu! java.lang.NumberFormatException: For input string: "null"
2021-11-28 17:50:48 ERROR Customer:19 - Seçilen firmaya ait müşteri sıralama işlemi sırasında bir hata oluştu! java.lang.NumberFormatException: For input string: "null"
2021-11-28 17:59:33 ERROR Customer:19 - Seçilen firmaya ait müşteri sıralama işlemi sırasında bir hata oluştu! java.lang.NumberFormatException: For input string: "null"
2021-11-28 18:00:24 ERROR Customer:19 - Seçilen firmaya ait müşteri sıralama işlemi sırasında bir hata oluştu! java.lang.NumberFormatException: For input string: "null"
2021-11-28 18:00:32 ERROR Customer:19 - Seçilen firmaya ait müşteri sıralama işlemi sırasında bir hata oluştu! java.lang.NumberFormatException: For input string: "null"
2021-11-28 18:00:53 ERROR Customer:19 - Seçilen firmaya ait müşteri sıralama işlemi sırasında bir hata oluştu! java.lang.NumberFormatException: For input string: "null"
2021-11-28 18:01:26 ERROR Customer:19 - Seçilen firmaya ait müşteri sıralama işlemi sırasında bir hata oluştu! java.lang.NumberFormatException: For input string: "null"
2021-11-28 18:01:34 ERROR Customer:19 - Seçilen firmaya ait müşteri sıralama işlemi sırasında bir hata oluştu! java.lang.NumberFormatException: For input string: "null"
2021-11-28 18:02:16 ERROR Customer:19 - Seçilen firmaya ait müşteri sıralama işlemi sırasında bir hata oluştu! java.lang.NumberFormatException: For input string: "null"
2021-11-28 18:03:45 ERROR Customer:19 - Seçilen firmaya ait müşteri sıralama işlemi sırasında bir hata oluştu! java.lang.NumberFormatException: For input string: "null"
2021-11-28 22:31:54 ERROR DispatchNote:19 - Seçilen firmaya ait müşteri sıralama işlemi sırasında bir hata oluştu! java.lang.NumberFormatException: For input string: "undefined"
2021-11-28 22:32:46 ERROR DispatchNote:19 - Seçilen firmaya ait müşteri sıralama işlemi sırasında bir hata oluştu! java.lang.NumberFormatException: For input string: "undefined"
2021-11-28 22:34:01 ERROR DispatchNote:19 - Seçilen firmaya ait müşteri sıralama işlemi sırasında bir hata oluştu! java.lang.NumberFormatException: For input string: "undefined"
2021-11-28 22:34:59 ERROR DispatchNote:19 - Seçilen firmaya ait müşteri sıralama işlemi sırasında bir hata oluştu! java.lang.NumberFormatException: For input string: "undefined"
2021-11-30 21:38:47 ERROR Invoice:19 - İşlem sırasında bir hata oluştu! org.springframework.dao.InvalidDataAccessApiUsageException: org.hibernate.TransientPropertyValueException: object references an unsaved transient instance - save the transient instance before flushing : YMY.entities.Works.invoice -> YMY.entities.Invoice; nested exception is java.lang.IllegalStateException: org.hibernate.TransientPropertyValueException: object references an unsaved transient instance - save the transient instance before flushing : YMY.entities.Works.invoice -> YMY.entities.Invoice
2021-11-30 21:40:39 ERROR Invoice:19 - İşlem sırasında bir hata oluştu! org.springframework.dao.DataIntegrityViolationException: could not execute statement; SQL [n/a]; constraint [billing_date" of relation "invoice]; nested exception is org.hibernate.exception.ConstraintViolationException: could not execute statement
2021-11-30 21:41:33 ERROR Invoice:19 - İşlem sırasında bir hata oluştu! org.springframework.dao.InvalidDataAccessApiUsageException: org.hibernate.TransientObjectException: object references an unsaved transient instance - save the transient instance before flushing: YMY.entities.Works; nested exception is java.lang.IllegalStateException: org.hibernate.TransientObjectException: object references an unsaved transient instance - save the transient instance before flushing: YMY.entities.Works
2021-11-30 21:59:47 ERROR Invoice:19 - İşlem sırasında bir hata oluştu! org.springframework.dao.InvalidDataAccessApiUsageException: org.hibernate.TransientObjectException: object references an unsaved transient instance - save the transient instance before flushing: YMY.entities.Works; nested exception is java.lang.IllegalStateException: org.hibernate.TransientObjectException: object references an unsaved transient instance - save the transient instance before flushing: YMY.entities.Works
2021-12-02 20:05:21 ERROR Company:19 - İşlem sırasında bir hata oluştu! org.springframework.dao.InvalidDataAccessResourceUsageException: could not execute statement; SQL [n/a]; nested exception is org.hibernate.exception.SQLGrammarException: could not execute statement
2021-12-02 20:05:21 ERROR Company:19 - Listeleme işlemi sırasında bir hata oluştu! org.springframework.orm.jpa.JpaSystemException: could not deserialize; nested exception is org.hibernate.type.SerializationException: could not deserialize
